<?xml version="1.0" encoding="UTF-8"?>
<testsuite name="View 컨트롤러 - 인증" tests="1" skipped="0" failures="0" errors="0" timestamp="2023-09-05T12:15:13" hostname="Yunui-MacBookAir.local" time="0.01">
  <properties/>
  <testcase name="[View][GET] 로그인 페이지 - 정상호출" classname="com.example.projectboard.controller.AuthControllerTest" time="0.01"/>
  <system-out><![CDATA[2023-09-05 21:15:11.838  INFO 13327 --- [    Test worker] .b.t.a.w.s.WebMvcTestContextBootstrapper : Neither @ContextConfiguration nor @ContextHierarchy found for test class [com.example.projectboard.controller.AuthControllerTest], using SpringBootContextLoader
2023-09-05 21:15:11.839  INFO 13327 --- [    Test worker] o.s.t.c.support.AbstractContextLoader    : Could not detect default resource locations for test class [com.example.projectboard.controller.AuthControllerTest]: no resource found for suffixes {-context.xml, Context.groovy}.
2023-09-05 21:15:11.839  INFO 13327 --- [    Test worker] t.c.s.AnnotationConfigContextLoaderUtils : Could not detect default configuration classes for test class [com.example.projectboard.controller.AuthControllerTest]: AuthControllerTest does not declare any static, non-private, non-final, nested classes annotated with @Configuration.
2023-09-05 21:15:11.844  INFO 13327 --- [    Test worker] .b.t.c.SpringBootTestContextBootstrapper : Found @SpringBootConfiguration com.example.projectboard.ProjectBoardApplication for test class com.example.projectboard.controller.AuthControllerTest
2023-09-05 21:15:11.845  INFO 13327 --- [    Test worker] .b.t.a.w.s.WebMvcTestContextBootstrapper : Loaded default TestExecutionListener class names from location [META-INF/spring.factories]: [org.springframework.security.test.context.support.WithSecurityContextTestExecutionListener, org.springframework.security.test.context.support.ReactorContextTestExecutionListener, org.springframework.boot.test.autoconfigure.restdocs.RestDocsTestExecutionListener, org.springframework.boot.test.autoconfigure.web.client.MockRestServiceServerResetTestExecutionListener, org.springframework.boot.test.autoconfigure.web.servlet.MockMvcPrintOnlyOnFailureTestExecutionListener, org.springframework.boot.test.autoconfigure.web.servlet.WebDriverTestExecutionListener, org.springframework.boot.test.autoconfigure.webservices.client.MockWebServiceServerTestExecutionListener, org.springframework.boot.test.mock.mockito.MockitoTestExecutionListener, org.springframework.boot.test.mock.mockito.ResetMocksTestExecutionListener, org.springframework.test.context.web.ServletTestExecutionListener, org.springframework.test.context.support.DirtiesContextBeforeModesTestExecutionListener, org.springframework.test.context.event.ApplicationEventsTestExecutionListener, org.springframework.test.context.support.DependencyInjectionTestExecutionListener, org.springframework.test.context.support.DirtiesContextTestExecutionListener, org.springframework.test.context.transaction.TransactionalTestExecutionListener, org.springframework.test.context.jdbc.SqlScriptsTestExecutionListener, org.springframework.test.context.event.EventPublishingTestExecutionListener]
2023-09-05 21:15:11.846  INFO 13327 --- [    Test worker] .b.t.a.w.s.WebMvcTestContextBootstrapper : Using TestExecutionListeners: [org.springframework.test.context.web.ServletTestExecutionListener@68f79b7c, org.springframework.test.context.support.DirtiesContextBeforeModesTestExecutionListener@37142579, org.springframework.test.context.event.ApplicationEventsTestExecutionListener@264576e4, org.springframework.boot.test.mock.mockito.MockitoTestExecutionListener@86bf90b, org.springframework.boot.test.autoconfigure.SpringBootDependencyInjectionTestExecutionListener@5c13af01, org.springframework.test.context.support.DirtiesContextTestExecutionListener@4aba7617, org.springframework.test.context.transaction.TransactionalTestExecutionListener@47c5cbf2, org.springframework.test.context.jdbc.SqlScriptsTestExecutionListener@1031c1a0, org.springframework.security.test.context.support.WithSecurityContextTestExecutionListener@519b0f00, org.springframework.test.context.event.EventPublishingTestExecutionListener@4888d1ea, org.springframework.security.test.context.support.ReactorContextTestExecutionListener@217b0952, org.springframework.boot.test.autoconfigure.restdocs.RestDocsTestExecutionListener@3fd9e01c, org.springframework.boot.test.autoconfigure.web.client.MockRestServiceServerResetTestExecutionListener@36330be8, org.springframework.boot.test.autoconfigure.web.servlet.MockMvcPrintOnlyOnFailureTestExecutionListener@38ba8b45, org.springframework.boot.test.autoconfigure.web.servlet.WebDriverTestExecutionListener@41f23499, org.springframework.boot.test.autoconfigure.webservices.client.MockWebServiceServerTestExecutionListener@31dbf5bb, org.springframework.boot.test.mock.mockito.ResetMocksTestExecutionListener@1f19d423]

  .   ____          _            __ _ _
 /\\ / ___'_ __ _ _(_)_ __  __ _ \ \ \ \
( ( )\___ | '_ | '_| | '_ \/ _` | \ \ \ \
 \\/  ___)| |_)| | | | | || (_| |  ) ) ) )
  '  |____| .__|_| |_|_| |_\__, | / / / /
 =========|_|==============|___/=/_/_/_/
 :: Spring Boot ::                (v2.7.0)

2023-09-05 21:15:11.875  INFO 13327 --- [    Test worker] c.e.p.controller.AuthControllerTest      : Starting AuthControllerTest using Java 17.0.8.1 on Yunui-MacBookAir.local with PID 13327 (started by yunkim in /Users/yunkim/Downloads/study/project-board--/project-board--)
2023-09-05 21:15:11.876  INFO 13327 --- [    Test worker] c.e.p.controller.AuthControllerTest      : No active profile set, falling back to 1 default profile: "default"
2023-09-05 21:15:12.057  WARN 13327 --- [    Test worker] .s.s.UserDetailsServiceAutoConfiguration : 

Using generated security password: 392995e7-3a0a-4b08-87be-de0d746f8420

This generated password is for development use only. Your security configuration must be updated before running your application in production.

2023-09-05 21:15:12.115  INFO 13327 --- [    Test worker] o.s.s.web.DefaultSecurityFilterChain     : Will secure any request with [org.springframework.security.web.session.DisableEncodeUrlFilter@31531d0d, org.springframework.security.web.context.request.async.WebAsyncManagerIntegrationFilter@19d76106, org.springframework.security.web.context.SecurityContextPersistenceFilter@4c9cce17, org.springframework.security.web.header.HeaderWriterFilter@6b2f7527, org.springframework.security.web.csrf.CsrfFilter@7a587e84, org.springframework.security.web.authentication.logout.LogoutFilter@d5e3f55, org.springframework.security.web.authentication.UsernamePasswordAuthenticationFilter@4d0b276e, org.springframework.security.web.authentication.ui.DefaultLoginPageGeneratingFilter@5f01fb5c, org.springframework.security.web.authentication.ui.DefaultLogoutPageGeneratingFilter@3f87780b, org.springframework.security.web.savedrequest.RequestCacheAwareFilter@73316a0a, org.springframework.security.web.servletapi.SecurityContextHolderAwareRequestFilter@63a7af06, org.springframework.security.web.authentication.AnonymousAuthenticationFilter@2ba318c2, org.springframework.security.web.session.SessionManagementFilter@7509226c, org.springframework.security.web.access.ExceptionTranslationFilter@622ba721, org.springframework.security.web.access.intercept.AuthorizationFilter@3d4b45b]
2023-09-05 21:15:12.272 DEBUG 13327 --- [    Test worker] s.w.s.m.m.a.RequestMappingHandlerAdapter : ControllerAdvice beans: 0 @ModelAttribute, 0 @InitBinder, 1 RequestBodyAdvice, 1 ResponseBodyAdvice
2023-09-05 21:15:12.277  INFO 13327 --- [    Test worker] o.s.b.a.w.s.WelcomePageHandlerMapping    : Adding welcome page template: index
2023-09-05 21:15:12.298 DEBUG 13327 --- [    Test worker] s.w.s.m.m.a.RequestMappingHandlerMapping : 5 mappings in 'requestMappingHandlerMapping'
2023-09-05 21:15:12.761 DEBUG 13327 --- [    Test worker] o.s.w.s.handler.SimpleUrlHandlerMapping  : Patterns [/webjars/**, /**] in 'resourceHandlerMapping'
2023-09-05 21:15:12.777 DEBUG 13327 --- [    Test worker] .m.m.a.ExceptionHandlerExceptionResolver : ControllerAdvice beans: 0 @ExceptionHandler, 1 ResponseBodyAdvice
2023-09-05 21:15:12.973  INFO 13327 --- [    Test worker] o.s.b.t.m.w.SpringBootMockServletContext : Initializing Spring TestDispatcherServlet ''
2023-09-05 21:15:12.973  INFO 13327 --- [    Test worker] o.s.t.web.servlet.TestDispatcherServlet  : Initializing Servlet ''
2023-09-05 21:15:12.974  INFO 13327 --- [    Test worker] o.s.t.web.servlet.TestDispatcherServlet  : Completed initialization in 1 ms
2023-09-05 21:15:12.996  INFO 13327 --- [    Test worker] c.e.p.controller.AuthControllerTest      : Started AuthControllerTest in 1.146 seconds (JVM running for 5.462)
]]></system-out>
  <system-err><![CDATA[]]></system-err>
</testsuite>
