<?xml version="1.0" encoding="UTF-8"?>
<testsuite name="com.example.projectboard.ProjectBoardApplicationTests" tests="1" skipped="0" failures="0" errors="0" timestamp="2023-08-29T09:27:25" hostname="Yunui-MacBookAir.local" time="0.716">
  <properties/>
  <testcase name="contextLoads()" classname="com.example.projectboard.ProjectBoardApplicationTests" time="0.716"/>
  <system-out><![CDATA[18:27:23.208 [Test worker] INFO org.springframework.test.context.support.AnnotationConfigContextLoaderUtils -- Could not detect default configuration classes for test class [com.example.projectboard.ProjectBoardApplicationTests]: ProjectBoardApplicationTests does not declare any static, non-private, non-final, nested classes annotated with @Configuration.
18:27:23.263 [Test worker] INFO org.springframework.boot.test.context.SpringBootTestContextBootstrapper -- Found @SpringBootConfiguration com.example.projectboard.ProjectBoardApplication for test class com.example.projectboard.ProjectBoardApplicationTests

  .   ____          _            __ _ _
 /\\ / ___'_ __ _ _(_)_ __  __ _ \ \ \ \
( ( )\___ | '_ | '_| | '_ \/ _` | \ \ \ \
 \\/  ___)| |_)| | | | | || (_| |  ) ) ) )
  '  |____| .__|_| |_|_| |_\__, | / / / /
 =========|_|==============|___/=/_/_/_/
 :: Spring Boot ::                (v3.1.3)

2023-08-29T18:27:23.517+09:00  INFO 14247 --- [    Test worker] c.e.p.ProjectBoardApplicationTests       : Starting ProjectBoardApplicationTests using Java 20.0.2 with PID 14247 (started by yunkim in /Users/yunkim/Downloads/study/project-board--/project-board--)
2023-08-29T18:27:23.518+09:00  INFO 14247 --- [    Test worker] c.e.p.ProjectBoardApplicationTests       : No active profile set, falling back to 1 default profile: "default"
2023-08-29T18:27:24.084+09:00  INFO 14247 --- [    Test worker] .s.d.r.c.RepositoryConfigurationDelegate : Bootstrapping Spring Data JPA repositories in DEFAULT mode.
2023-08-29T18:27:24.097+09:00  INFO 14247 --- [    Test worker] .s.d.r.c.RepositoryConfigurationDelegate : Finished Spring Data repository scanning in 8 ms. Found 0 JPA repository interfaces.
2023-08-29T18:27:24.378+09:00  INFO 14247 --- [    Test worker] o.hibernate.jpa.internal.util.LogHelper  : HHH000204: Processing PersistenceUnitInfo [name: default]
2023-08-29T18:27:24.407+09:00  INFO 14247 --- [    Test worker] org.hibernate.Version                    : HHH000412: Hibernate ORM core version 6.2.7.Final
2023-08-29T18:27:24.408+09:00  INFO 14247 --- [    Test worker] org.hibernate.cfg.Environment            : HHH000406: Using bytecode reflection optimizer
2023-08-29T18:27:24.484+09:00  INFO 14247 --- [    Test worker] o.h.b.i.BytecodeProviderInitiator        : HHH000021: Bytecode provider name : bytebuddy
2023-08-29T18:27:24.565+09:00  INFO 14247 --- [    Test worker] o.s.o.j.p.SpringPersistenceUnitInfo      : No LoadTimeWeaver setup: ignoring JPA class transformer
2023-08-29T18:27:24.583+09:00  INFO 14247 --- [    Test worker] com.zaxxer.hikari.HikariDataSource       : HikariPool-1 - Starting...
2023-08-29T18:27:24.833+09:00  INFO 14247 --- [    Test worker] com.zaxxer.hikari.pool.HikariPool        : HikariPool-1 - Added connection com.mysql.cj.jdbc.ConnectionImpl@39514976
2023-08-29T18:27:24.834+09:00  INFO 14247 --- [    Test worker] com.zaxxer.hikari.HikariDataSource       : HikariPool-1 - Start completed.
2023-08-29T18:27:24.925+09:00  INFO 14247 --- [    Test worker] o.h.b.i.BytecodeProviderInitiator        : HHH000021: Bytecode provider name : bytebuddy
2023-08-29T18:27:25.068+09:00  INFO 14247 --- [    Test worker] o.h.e.t.j.p.i.JtaPlatformInitiator       : HHH000490: Using JtaPlatform implementation: [org.hibernate.engine.transaction.jta.platform.internal.NoJtaPlatform]
2023-08-29T18:27:25.071+09:00  INFO 14247 --- [    Test worker] j.LocalContainerEntityManagerFactoryBean : Initialized JPA EntityManagerFactory for persistence unit 'default'
2023-08-29T18:27:25.275+09:00 DEBUG 14247 --- [    Test worker] s.w.s.m.m.a.RequestMappingHandlerAdapter : ControllerAdvice beans: 0 @ModelAttribute, 0 @InitBinder, 1 RequestBodyAdvice, 1 ResponseBodyAdvice
2023-08-29T18:27:25.335+09:00 DEBUG 14247 --- [    Test worker] s.w.s.m.m.a.RequestMappingHandlerMapping : 2 mappings in 'requestMappingHandlerMapping'
2023-08-29T18:27:25.351+09:00 DEBUG 14247 --- [    Test worker] o.s.w.s.handler.SimpleUrlHandlerMapping  : Patterns [/webjars/**, /**] in 'resourceHandlerMapping'
2023-08-29T18:27:25.357+09:00 DEBUG 14247 --- [    Test worker] .m.m.a.ExceptionHandlerExceptionResolver : ControllerAdvice beans: 0 @ExceptionHandler, 1 ResponseBodyAdvice
2023-08-29T18:27:25.617+09:00  INFO 14247 --- [    Test worker] o.s.b.a.e.web.EndpointLinksResolver      : Exposing 13 endpoint(s) beneath base path '/actuator'
2023-08-29T18:27:25.675+09:00  INFO 14247 --- [    Test worker] c.e.p.ProjectBoardApplicationTests       : Started ProjectBoardApplicationTests in 2.334 seconds (process running for 3.036)
]]></system-out>
  <system-err><![CDATA[]]></system-err>
</testsuite>
