<?xml version="1.0" encoding="UTF-8"?>
<testsuite name="비즈니스 로직 - 게시글" tests="8" skipped="0" failures="0" errors="0" timestamp="2023-09-08T08:50:29" hostname="Yunui-MacBookAir.local" time="0.795">
  <properties/>
  <testcase name="게시글 정보를 입력하면, 게시글을 생성한다." classname="com.example.projectboard.service.ArticleServiceTest" time="0.671"/>
  <testcase name="없는 게시글의 수정 정보를 입력하면, 경고 로그를 찍고 아무 것도 하지 않는다." classname="com.example.projectboard.service.ArticleServiceTest" time="0.033"/>
  <testcase name="게시글을 조회하면, 게시글을 반환한다." classname="com.example.projectboard.service.ArticleServiceTest" time="0.052"/>
  <testcase name="검색어 없이 게시글을 검색하면, 게시글 페이지를 반환한다." classname="com.example.projectboard.service.ArticleServiceTest" time="0.013"/>
  <testcase name="게시글 ID와 수정 정보를 입력하면, 게시글을 수정한다." classname="com.example.projectboard.service.ArticleServiceTest" time="0.003"/>
  <testcase name="없는 게시글을 조회하면, 예외를 던진다." classname="com.example.projectboard.service.ArticleServiceTest" time="0.007"/>
  <testcase name="검색어와 함께 게시글을 검색하면, 게시글 페이지를 반환한다." classname="com.example.projectboard.service.ArticleServiceTest" time="0.004"/>
  <testcase name="게시글 ID를 입력하면 게시글을 삭제한다." classname="com.example.projectboard.service.ArticleServiceTest" time="0.004"/>
  <system-out><![CDATA[17:50:30.621 [Test worker] WARN com.example.projectboard.service.ArticleService - 게시글 업데이트 실패. 게시글을 찾을 수 없습니다 - dto: ArticleDto[id=1, userAccountDto=UserAccountDto[id=1, userId=uno, userPassword=password, email=uno@mail.com, nickname=Uno, memo=This is memo, createdAt=2023-09-08T17:50:30.617780, createdBy=uno, modifiedAt=2023-09-08T17:50:30.617800, modifiedBy=uno], title=새 타이틀, content=새 내용, hashtag=#springboot, createdAt=2023-09-08T17:50:30.617807, createdBy=Uno, modifiedAt=2023-09-08T17:50:30.617812, modifiedBy=Uno]
]]></system-out>
  <system-err><![CDATA[]]></system-err>
</testsuite>
